<?xml version="1.0" encoding="UTF-8"?>
<!-- Generated by org.testng.reporters.JUnitReportReporter -->
<testsuite hostname="DESKTOP-7APB19N" failures="0" tests="1" name="package1.datadrivenexcel" time="28.818" errors="0" timestamp="2024-07-13T12:55:41 IST" skipped="0">
  <testcase classname="package1.datadrivenexcel" name="datadriven" time="28.818"/>
</testsuite> <!-- package1.datadrivenexcel -->
