<?xml version="1.0" encoding="UTF-8"?>
<!-- Generated by org.testng.reporters.JUnitReportReporter -->
<testsuite hostname="DESKTOP-7APB19N" failures="0" tests="1" name="package1.parabankexcel" time="43.981" errors="0" timestamp="2024-06-09T16:34:35 IST" skipped="0">
  <testcase classname="package1.parabankexcel" name="datadriven" time="43.981"/>
</testsuite> <!-- package1.parabankexcel -->
