<?xml version="1.0" encoding="UTF-8"?>
<!-- Generated by org.testng.reporters.JUnitReportReporter -->
<testsuite hostname="DESKTOP-7APB19N" failures="0" tests="1" name="package1.petstore$datadrivenexcel" time="23.314" errors="0" timestamp="2024-07-15T12:53:38 IST" skipped="0">
  <testcase classname="package1.petstore$datadrivenexcel" name="datadriven" time="23.314"/>
</testsuite> <!-- package1.petstore$datadrivenexcel -->
